<?xml version="1.0" encoding="UTF-8"?>
<!-- Generated by org.testng.reporters.JUnitXMLReporter -->
<testsuite ignored="0" hostname="S-127" failures="0" tests="3" name="Test_firefox" time="32.054" errors="0" timestamp="2024-07-31T15:48:37 IST">
  <testcase classname="MVNO_Login.Test_Data" name="loginTest" time="4.254"/>
  <testcase classname="MVNO_Login.Test_Data" name="loginTest" time="0.354"/>
  <testcase classname="MVNO_Login.Test_Data" name="loginTest" time="0.516"/>
</testsuite> <!-- Test_firefox -->
