<?xml version="1.0" encoding="UTF-8"?>
<!-- Generated by org.testng.reporters.JUnitXMLReporter -->
<testsuite ignored="0" hostname="S-127" failures="0" tests="3" name="Test_edge" time="15.118" errors="0" timestamp="2024-07-31T15:48:52 IST">
  <testcase classname="MVNO_Login.Test_Data" name="loginTest" time="0.001">
    <skipped/>
  </testcase> <!-- loginTest -->
  <testcase classname="MVNO_Login.Test_Data" name="loginTest" time="0.0">
    <skipped/>
  </testcase> <!-- loginTest -->
  <testcase classname="MVNO_Login.Test_Data" name="loginTest" time="0.0">
    <skipped/>
  </testcase> <!-- loginTest -->
</testsuite> <!-- Test_edge -->
